TN:
SF:src/modules/accessProfiles/infra/typeorm/decorators/IsAccessProfileAlreadyExist.ts
FN:14,validate
FN:25,IsAccessProfileAlreadyExist
FNF:2
FNH:1
FNDA:0,validate
FNDA:2,IsAccessProfileAlreadyExist
DA:1,1
DA:2,1
DA:3,1
DA:4,1
DA:5,1
DA:6,1
DA:7,1
DA:8,1
DA:9,1
DA:10,1
DA:11,1
DA:12,1
DA:13,1
DA:14,1
DA:15,0
DA:16,0
DA:17,0
DA:18,0
DA:19,0
DA:20,0
DA:21,0
DA:22,0
DA:23,1
DA:24,1
DA:25,2
DA:26,2
DA:27,2
DA:28,2
DA:29,2
DA:30,2
DA:31,2
DA:32,2
DA:33,2
DA:34,2
DA:35,2
DA:36,2
DA:37,2
LF:37
LH:29
BRDA:25,0,0,2
BRDA:28,1,0,2
BRF:2
BRH:2
end_of_record
TN:
SF:src/modules/accessProfiles/infra/typeorm/entities/AccessProfile.ts
FN:33,Object.<anonymous>.__decorate.cascade
FN:33,Object.<anonymous>.__decorate.cascade
FN:78,Object.<anonymous>.__decorate.eager
FN:78,Object.<anonymous>.__decorate.eager
FNF:4
FNH:0
FNDA:0,Object.<anonymous>.__decorate.cascade
FNDA:0,Object.<anonymous>.__decorate.cascade
FNDA:0,Object.<anonymous>.__decorate.eager
FNDA:0,Object.<anonymous>.__decorate.eager
DA:1,1
DA:2,1
DA:3,1
DA:4,1
DA:5,1
DA:6,1
DA:7,1
DA:8,1
DA:9,1
DA:10,1
DA:11,1
DA:12,1
DA:13,1
DA:14,1
DA:15,1
DA:16,1
DA:17,1
DA:18,1
DA:19,1
DA:20,1
DA:21,1
DA:22,1
DA:23,1
DA:24,1
DA:25,1
DA:26,1
DA:27,1
DA:28,1
DA:29,1
DA:30,1
DA:31,1
DA:32,1
DA:33,1
DA:34,1
DA:35,1
DA:36,1
DA:37,1
DA:38,1
DA:39,1
DA:40,1
DA:41,1
DA:42,1
DA:43,1
DA:44,1
DA:45,1
DA:46,1
DA:47,1
DA:48,1
DA:49,1
DA:50,1
DA:51,1
DA:52,1
DA:53,1
DA:54,1
DA:55,1
DA:56,1
DA:57,1
DA:58,1
DA:59,1
DA:60,1
DA:61,1
DA:62,1
DA:63,1
DA:64,1
DA:65,1
DA:66,1
DA:67,1
DA:68,1
DA:69,1
DA:70,1
DA:71,1
DA:72,1
DA:73,1
DA:74,1
DA:75,1
DA:76,1
DA:77,1
DA:78,1
DA:79,1
DA:80,1
DA:81,1
DA:82,1
DA:83,1
LF:83
LH:83
BRF:0
BRH:0
end_of_record
TN:
SF:src/modules/accessProfiles/utils/enums/e-errors.ts
FNF:0
FNH:0
DA:1,2
DA:2,2
DA:3,2
DA:4,2
DA:5,2
DA:6,2
DA:7,2
LF:7
LH:7
BRDA:1,0,0,2
BRF:1
BRH:1
end_of_record
TN:
SF:src/modules/accessProfiles/utils/enums/e-status.ts
FNF:0
FNH:0
DA:1,2
DA:2,2
DA:3,2
DA:4,2
DA:5,2
LF:5
LH:5
BRDA:1,0,0,2
BRF:1
BRH:1
end_of_record
TN:
SF:src/modules/permissions/infra/typeorm/decorators/IsPermissionAlreadyExist.ts
FN:14,validate
FN:27,IsPermissionAlreadyExist
FNF:2
FNH:2
FNDA:6,validate
FNDA:2,IsPermissionAlreadyExist
DA:1,1
DA:2,1
DA:3,1
DA:4,1
DA:5,1
DA:6,1
DA:7,1
DA:8,1
DA:9,1
DA:10,1
DA:11,1
DA:12,1
DA:13,1
DA:14,1
DA:15,6
DA:16,6
DA:17,6
DA:18,6
DA:19,1
DA:20,1
DA:21,5
DA:22,5
DA:23,6
DA:24,6
DA:25,1
DA:26,1
DA:27,2
DA:28,2
DA:29,2
DA:30,2
DA:31,2
DA:32,2
DA:33,2
DA:34,2
DA:35,2
DA:36,2
DA:37,2
DA:38,2
DA:39,2
LF:39
LH:39
BRDA:14,0,0,6
BRDA:17,1,0,6
BRDA:18,2,0,1
BRDA:21,3,0,5
BRDA:27,4,0,2
BRDA:30,5,0,2
BRF:6
BRH:6
end_of_record
TN:
SF:src/modules/permissions/infra/typeorm/entities/Permission.ts
FN:27,Object.<anonymous>.__decorate.onDelete
FN:27,Object.<anonymous>.__decorate.onDelete
FNF:2
FNH:0
FNDA:0,Object.<anonymous>.__decorate.onDelete
FNDA:0,Object.<anonymous>.__decorate.onDelete
DA:1,1
DA:2,1
DA:3,1
DA:4,1
DA:5,1
DA:6,1
DA:7,1
DA:8,1
DA:9,1
DA:10,1
DA:11,1
DA:12,1
DA:13,1
DA:14,1
DA:15,1
DA:16,1
DA:17,1
DA:18,1
DA:19,1
DA:20,1
DA:21,1
DA:22,1
DA:23,1
DA:24,1
DA:25,1
DA:26,1
DA:27,1
DA:28,1
DA:29,1
DA:30,1
DA:31,1
DA:32,1
DA:33,1
LF:33
LH:33
BRF:0
BRH:0
end_of_record
TN:
SF:src/modules/permissions/repositories/fakes/FakePermissionsRepository.ts
FN:9,FakePermissionsRepository
FN:12,create
FN:31,findByName
FN:40,removeLikeOperator
FN:55,findByIds
FNF:5
FNH:4
FNDA:5,FakePermissionsRepository
FNDA:6,create
FNDA:7,findByName
FNDA:2,removeLikeOperator
FNDA:0,findByIds
DA:1,1
DA:2,1
DA:3,1
DA:4,1
DA:5,1
DA:6,1
DA:7,1
DA:8,1
DA:9,5
DA:10,5
DA:11,5
DA:12,5
DA:13,6
DA:14,6
DA:15,6
DA:16,6
DA:17,6
DA:18,6
DA:19,6
DA:20,6
DA:21,6
DA:22,3
DA:23,3
DA:24,3
DA:25,3
DA:26,3
DA:27,3
DA:28,3
DA:29,3
DA:30,5
DA:31,5
DA:32,7
DA:33,7
DA:34,7
DA:35,7
DA:36,7
DA:37,7
DA:38,7
DA:39,7
DA:40,7
DA:41,7
DA:42,7
DA:43,1
DA:44,1
DA:45,1
DA:46,6
DA:47,6
DA:48,6
DA:49,6
DA:50,6
DA:51,7
DA:52,7
DA:53,7
DA:54,5
DA:55,5
DA:56,0
DA:57,0
DA:58,0
DA:59,0
DA:60,0
DA:61,0
DA:62,0
DA:63,0
DA:64,0
DA:65,5
LF:65
LH:56
BRDA:9,0,0,5
BRDA:12,1,0,6
BRDA:21,2,0,3
BRDA:21,3,0,3
BRDA:31,4,0,7
BRDA:38,5,0,1
BRDA:42,6,0,6
BRDA:42,7,0,1
BRDA:40,8,0,2
BRDA:43,9,0,1
BRDA:48,10,0,1
BRF:11
BRH:11
end_of_record
TN:
SF:src/modules/permissions/services/CreatePermissionService.ts
FN:12,CreatePermissionService
FN:17,execute
FNF:2
FNH:2
FNDA:5,CreatePermissionService
FNDA:6,execute
DA:1,1
DA:2,1
DA:3,1
DA:4,1
DA:5,1
DA:6,1
DA:7,1
DA:8,1
DA:9,1
DA:10,1
DA:11,1
DA:12,1
DA:13,5
DA:14,5
DA:15,5
DA:16,1
DA:17,1
DA:18,6
DA:19,6
DA:20,6
DA:21,6
DA:22,6
DA:23,6
DA:24,1
LF:24
LH:24
BRDA:12,0,0,5
BRDA:17,1,0,6
BRF:2
BRH:2
end_of_record
TN:
SF:src/modules/permissions/services/FindPermissionService.ts
FN:12,FindPermissionService
FN:17,execute
FNF:2
FNH:2
FNDA:7,FindPermissionService
FNDA:7,execute
DA:1,1
DA:2,1
DA:3,1
DA:4,1
DA:5,1
DA:6,1
DA:7,1
DA:8,1
DA:9,1
DA:10,1
DA:11,1
DA:12,1
DA:13,7
DA:14,7
DA:15,7
DA:16,1
DA:17,1
DA:18,7
DA:19,7
DA:20,7
DA:21,7
DA:22,7
DA:23,7
DA:24,1
LF:24
LH:24
BRDA:12,0,0,7
BRDA:17,1,0,7
BRF:2
BRH:2
end_of_record
TN:
SF:src/modules/permissions/utils/enums/e-errors.ts
FNF:0
FNH:0
DA:1,2
DA:2,2
DA:3,2
DA:4,2
DA:5,2
DA:6,2
DA:7,2
LF:7
LH:7
BRDA:1,0,0,2
BRF:1
BRH:1
end_of_record
TN:
SF:src/modules/users/infra/typeorm/entities/User.ts
FN:115,generateFullName
FN:120,hashPassword
FN:85,Object.<anonymous>.__decorate.onDelete
FN:85,Object.<anonymous>.__decorate.onDelete
FNF:4
FNH:0
FNDA:0,generateFullName
FNDA:0,hashPassword
FNDA:0,Object.<anonymous>.__decorate.onDelete
FNDA:0,Object.<anonymous>.__decorate.onDelete
DA:1,1
DA:2,1
DA:3,1
DA:4,1
DA:5,1
DA:6,1
DA:7,1
DA:8,1
DA:9,1
DA:10,1
DA:11,1
DA:12,1
DA:13,1
DA:14,1
DA:15,1
DA:16,1
DA:17,1
DA:18,1
DA:19,1
DA:20,1
DA:21,1
DA:22,1
DA:23,1
DA:24,1
DA:25,1
DA:26,1
DA:27,1
DA:28,1
DA:29,1
DA:30,1
DA:31,1
DA:32,1
DA:33,1
DA:34,1
DA:35,1
DA:36,1
DA:37,1
DA:38,1
DA:39,1
DA:40,1
DA:41,1
DA:42,1
DA:43,1
DA:44,1
DA:45,1
DA:46,1
DA:47,1
DA:48,1
DA:49,1
DA:50,1
DA:51,1
DA:52,1
DA:53,1
DA:54,1
DA:55,1
DA:56,1
DA:57,1
DA:58,1
DA:59,1
DA:60,1
DA:61,1
DA:62,1
DA:63,1
DA:64,1
DA:65,1
DA:66,1
DA:67,1
DA:68,1
DA:69,1
DA:70,1
DA:71,1
DA:72,1
DA:73,1
DA:74,1
DA:75,1
DA:76,1
DA:77,1
DA:78,1
DA:79,1
DA:80,1
DA:81,1
DA:82,1
DA:83,1
DA:84,1
DA:85,1
DA:86,1
DA:87,1
DA:88,1
DA:89,1
DA:90,1
DA:91,1
DA:92,1
DA:93,1
DA:94,1
DA:95,1
DA:96,1
DA:97,1
DA:98,1
DA:99,1
DA:100,1
DA:101,1
DA:102,1
DA:103,1
DA:104,1
DA:105,1
DA:106,1
DA:107,1
DA:108,1
DA:109,1
DA:110,1
DA:111,1
DA:112,1
DA:113,1
DA:114,1
DA:115,1
DA:116,0
DA:117,0
DA:118,1
DA:119,1
DA:120,1
DA:121,0
DA:122,0
DA:123,1
LF:123
LH:119
BRF:0
BRH:0
end_of_record
TN:
SF:src/modules/users/utils/enums/e-errors.ts
FNF:0
FNH:0
DA:1,2
DA:2,2
DA:3,2
DA:4,2
DA:5,2
DA:6,2
DA:7,2
DA:8,2
DA:9,2
DA:10,2
DA:11,2
DA:12,1
DA:13,2
DA:14,2
DA:15,2
DA:16,2
DA:17,2
LF:17
LH:17
BRDA:1,0,0,2
BRDA:13,1,0,2
BRF:2
BRH:2
end_of_record
TN:
SF:src/modules/users/utils/enums/e-user.ts
FNF:0
FNH:0
DA:1,1
DA:2,1
DA:3,1
DA:4,1
DA:5,1
LF:5
LH:5
BRF:0
BRH:0
end_of_record
TN:
SF:src/shared/errors/AppError.ts
FN:6,AppError
FNF:1
FNH:1
FNDA:3,AppError
DA:1,1
DA:2,1
DA:3,1
DA:4,1
DA:5,1
DA:6,1
DA:7,3
DA:8,3
DA:9,3
DA:10,3
DA:11,1
LF:11
LH:11
BRDA:6,0,0,3
BRF:1
BRH:1
end_of_record
TN:
SF:src/shared/infra/typeorm/decorators/IsUserAlreadyExist.ts
FN:15,validate
FN:27,IsUserAlreadyExist
FNF:2
FNH:1
FNDA:0,validate
FNDA:2,IsUserAlreadyExist
DA:1,1
DA:2,1
DA:3,1
DA:4,1
DA:5,1
DA:6,1
DA:7,1
DA:8,1
DA:9,1
DA:10,1
DA:11,1
DA:12,1
DA:13,1
DA:14,1
DA:15,1
DA:16,0
DA:17,0
DA:18,0
DA:19,0
DA:20,0
DA:21,0
DA:22,0
DA:23,0
DA:24,0
DA:25,1
DA:26,1
DA:27,2
DA:28,2
DA:29,2
DA:30,2
DA:31,2
DA:32,2
DA:33,2
DA:34,2
DA:35,2
DA:36,2
DA:37,2
LF:37
LH:28
BRDA:27,0,0,2
BRDA:28,1,0,2
BRF:2
BRH:2
end_of_record
TN:
SF:src/shared/infra/typeorm/decorators/IsValidPassword.ts
FN:10,validate
FN:16,IsValidPassword
FNF:2
FNH:1
FNDA:0,validate
FNDA:2,IsValidPassword
DA:1,1
DA:2,1
DA:3,1
DA:4,1
DA:5,1
DA:6,1
DA:7,1
DA:8,1
DA:9,1
DA:10,1
DA:11,0
DA:12,0
DA:13,0
DA:14,1
DA:15,1
DA:16,2
DA:17,2
DA:18,2
DA:19,2
DA:20,2
DA:21,2
DA:22,2
DA:23,2
DA:24,2
DA:25,2
DA:26,2
LF:26
LH:23
BRDA:16,0,0,2
BRDA:17,1,0,2
BRF:2
BRH:2
end_of_record
